# JRE version: OpenJDK Runtime Environment (8.0_121-b13) (build 1.8.0_121-b13)
# Java VM: OpenJDK 64-Bit Server VM (25.121-b13 mixed mode linux-amd64 compressed oops)
Heap:
 PSYoungGen      total 125952K, used 75557K [0x00000000ebd80000, 0x00000000f4800000, 0x0000000100000000)
  eden space 114176K, 63% used [0x00000000ebd80000,0x00000000f04928f8,0x00000000f2d00000)
  from space 11776K, 23% used [0x00000000f3c80000,0x00000000f3f36c28,0x00000000f4800000)
  to   space 13824K, 0% used [0x00000000f2d00000,0x00000000f2d00000,0x00000000f3a80000)
 ParOldGen       total 56832K, used 26826K [0x00000000c3800000, 0x00000000c6f80000, 0x00000000ebd80000)
  object space 56832K, 47% used [0x00000000c3800000,0x00000000c52328c0,0x00000000c6f80000)
 Metaspace       used 25990K, capacity 26884K, committed 27008K, reserved 1071104K
  class space    used 5569K, capacity 5683K, committed 5760K, reserved 1048576K
GC Heap History (10 events):
Event: 7.295 GC heap before
{Heap before GC invocations=5 (full 0):
 PSYoungGen      total 34304K, used 34304K [0x00000000ebd80000, 0x00000000ee180000, 0x0000000100000000)
  eden space 31744K, 100% used [0x00000000ebd80000,0x00000000edc80000,0x00000000edc80000)
  from space 2560K, 100% used [0x00000000edf00000,0x00000000ee180000,0x00000000ee180000)
  to   space 2560K, 0% used [0x00000000edc80000,0x00000000edc80000,0x00000000edf00000)
 ParOldGen       total 42496K, used 18262K [0x00000000c3800000, 0x00000000c6180000, 0x00000000ebd80000)
  object space 42496K, 42% used [0x00000000c3800000,0x00000000c49d59a0,0x00000000c6180000)
 Metaspace       used 18714K, capacity 18888K, committed 18944K, reserved 1064960K
  class space    used 4276K, capacity 4344K, committed 4352K, reserved 1048576K
Event: 7.316 GC heap after
Heap after GC invocations=5 (full 0):
 PSYoungGen      total 34304K, used 2528K [0x00000000ebd80000, 0x00000000f1680000, 0x0000000100000000)
  eden space 31744K, 0% used [0x00000000ebd80000,0x00000000ebd80000,0x00000000edc80000)
  from space 2560K, 98% used [0x00000000edc80000,0x00000000edef8040,0x00000000edf00000)
  to   space 13824K, 0% used [0x00000000f0900000,0x00000000f0900000,0x00000000f1680000)
 ParOldGen       total 42496K, used 27518K [0x00000000c3800000, 0x00000000c6180000, 0x00000000ebd80000)
  object space 42496K, 64% used [0x00000000c3800000,0x00000000c52dfb30,0x00000000c6180000)
 Metaspace       used 18714K, capacity 18888K, committed 18944K, reserved 1064960K
  class space    used 4276K, capacity 4344K, committed 4352K, reserved 1048576K
}
Event: 7.733 GC heap before
{Heap before GC invocations=6 (full 0):
 PSYoungGen      total 34304K, used 31164K [0x00000000ebd80000, 0x00000000f1680000, 0x0000000100000000)
  eden space 31744K, 90% used [0x00000000ebd80000,0x00000000ed9772b8,0x00000000edc80000)
  from space 2560K, 98% used [0x00000000edc80000,0x00000000edef8040,0x00000000edf00000)
  to   space 13824K, 0% used [0x00000000f0900000,0x00000000f0900000,0x00000000f1680000)
 ParOldGen       total 42496K, used 27518K [0x00000000c3800000, 0x00000000c6180000, 0x00000000ebd80000)
  object space 42496K, 64% used [0x00000000c3800000,0x00000000c52dfb30,0x00000000c6180000)
 Metaspace       used 20893K, capacity 21108K, committed 21248K, reserved 1064960K
  class space    used 4688K, capacity 4764K, committed 4864K, reserved 1048576K
Event: 7.762 GC heap after
Heap after GC invocations=6 (full 0):
 PSYoungGen      total 77312K, used 4553K [0x00000000ebd80000, 0x00000000f1680000, 0x0000000100000000)
  eden space 63488K, 0% used [0x00000000ebd80000,0x00000000ebd80000,0x00000000efb80000)
  from space 13824K, 32% used [0x00000000f0900000,0x00000000f0d72790,0x00000000f1680000)
  to   space 13824K, 0% used [0x00000000efb80000,0x00000000efb80000,0x00000000f0900000)
 ParOldGen       total 42496K, used 27526K [0x00000000c3800000, 0x00000000c6180000, 0x00000000ebd80000)
  object space 42496K, 64% used [0x00000000c3800000,0x00000000c52e1b30,0x00000000c6180000)
 Metaspace       used 20893K, capacity 21108K, committed 21248K, reserved 1064960K
  class space    used 4688K, capacity 4764K, committed 4864K, reserved 1048576K
}
Event: 7.762 GC heap before
{Heap before GC invocations=7 (full 1):
 PSYoungGen      total 77312K, used 4553K [0x00000000ebd80000, 0x00000000f1680000, 0x0000000100000000)
  eden space 63488K, 0% used [0x00000000ebd80000,0x00000000ebd80000,0x00000000efb80000)
  from space 13824K, 32% used [0x00000000f0900000,0x00000000f0d72790,0x00000000f1680000)
  to   space 13824K, 0% used [0x00000000efb80000,0x00000000efb80000,0x00000000f0900000)
 ParOldGen       total 42496K, used 27526K [0x00000000c3800000, 0x00000000c6180000, 0x00000000ebd80000)
  object space 42496K, 64% used [0x00000000c3800000,0x00000000c52e1b30,0x00000000c6180000)
 Metaspace       used 20893K, capacity 21108K, committed 21248K, reserved 1064960K
  class space    used 4688K, capacity 4764K, committed 4864K, reserved 1048576K
Event: 7.878 GC heap after
Heap after GC invocations=7 (full 1):
 PSYoungGen      total 77312K, used 0K [0x00000000ebd80000, 0x00000000f1680000, 0x0000000100000000)
  eden space 63488K, 0% used [0x00000000ebd80000,0x00000000ebd80000,0x00000000efb80000)
  from space 13824K, 0% used [0x00000000f0900000,0x00000000f0900000,0x00000000f1680000)
  to   space 13824K, 0% used [0x00000000efb80000,0x00000000efb80000,0x00000000f0900000)
 ParOldGen       total 56832K, used 26810K [0x00000000c3800000, 0x00000000c6f80000, 0x00000000ebd80000)
  object space 56832K, 47% used [0x00000000c3800000,0x00000000c522e8c0,0x00000000c6f80000)
 Metaspace       used 20893K, capacity 21108K, committed 21248K, reserved 1064960K
  class space    used 4688K, capacity 4764K, committed 4864K, reserved 1048576K
}
Event: 8.823 GC heap before
{Heap before GC invocations=8 (full 1):
 PSYoungGen      total 77312K, used 63488K [0x00000000ebd80000, 0x00000000f1680000, 0x0000000100000000)
  eden space 63488K, 100% used [0x00000000ebd80000,0x00000000efb80000,0x00000000efb80000)
  from space 13824K, 0% used [0x00000000f0900000,0x00000000f0900000,0x00000000f1680000)
  to   space 13824K, 0% used [0x00000000efb80000,0x00000000efb80000,0x00000000f0900000)
 ParOldGen       total 56832K, used 26810K [0x00000000c3800000, 0x00000000c6f80000, 0x00000000ebd80000)
  object space 56832K, 47% used [0x00000000c3800000,0x00000000c522e8c0,0x00000000c6f80000)
 Metaspace       used 24584K, capacity 25028K, committed 25216K, reserved 1069056K
  class space    used 5366K, capacity 5460K, committed 5504K, reserved 1048576K
Event: 8.828 GC heap after
Heap after GC invocations=8 (full 1):
 PSYoungGen      total 77312K, used 2857K [0x00000000ebd80000, 0x00000000f4a00000, 0x0000000100000000)
  eden space 63488K, 0% used [0x00000000ebd80000,0x00000000ebd80000,0x00000000efb80000)
  from space 13824K, 20% used [0x00000000efb80000,0x00000000efe4a560,0x00000000f0900000)
  to   space 13824K, 0% used [0x00000000f3c80000,0x00000000f3c80000,0x00000000f4a00000)
 ParOldGen       total 56832K, used 26818K [0x00000000c3800000, 0x00000000c6f80000, 0x00000000ebd80000)
  object space 56832K, 47% used [0x00000000c3800000,0x00000000c52308c0,0x00000000c6f80000)
 Metaspace       used 24584K, capacity 25028K, committed 25216K, reserved 1069056K
  class space    used 5366K, capacity 5460K, committed 5504K, reserved 1048576K
}
Event: 9.253 GC heap before
{Heap before GC invocations=9 (full 1):
 PSYoungGen      total 77312K, used 66345K [0x00000000ebd80000, 0x00000000f4a00000, 0x0000000100000000)
  eden space 63488K, 100% used [0x00000000ebd80000,0x00000000efb80000,0x00000000efb80000)
  from space 13824K, 20% used [0x00000000efb80000,0x00000000efe4a560,0x00000000f0900000)
  to   space 13824K, 0% used [0x00000000f3c80000,0x00000000f3c80000,0x00000000f4a00000)
 ParOldGen       total 56832K, used 26818K [0x00000000c3800000, 0x00000000c6f80000, 0x00000000ebd80000)
  object space 56832K, 47% used [0x00000000c3800000,0x00000000c52308c0,0x00000000c6f80000)
 Metaspace       used 25107K, capacity 25744K, committed 25984K, reserved 1069056K
  class space    used 5396K, capacity 5503K, committed 5504K, reserved 1048576K
Event: 9.262 GC heap after
Heap after GC invocations=9 (full 1):
 PSYoungGen      total 125952K, used 2779K [0x00000000ebd80000, 0x00000000f4800000, 0x0000000100000000)
  eden space 114176K, 0% used [0x00000000ebd80000,0x00000000ebd80000,0x00000000f2d00000)
  from space 11776K, 23% used [0x00000000f3c80000,0x00000000f3f36c28,0x00000000f4800000)
  to   space 13824K, 0% used [0x00000000f2d00000,0x00000000f2d00000,0x00000000f3a80000)
 ParOldGen       total 56832K, used 26826K [0x00000000c3800000, 0x00000000c6f80000, 0x00000000ebd80000)
  object space 56832K, 47% used [0x00000000c3800000,0x00000000c52328c0,0x00000000c6f80000)
 Metaspace       used 25107K, capacity 25744K, committed 25984K, reserved 1069056K
  class space    used 5396K, capacity 5503K, committed 5504K, reserved 1048576K
}

